Using pre-set license
Built from '2020.3/release' branch; Version is '2020.3.12f1 (b3b2c6512326) revision 11776710'; Using compiler version '192528614'; Build Type 'Release'
OS: 'Windows 10 Home Single Language; OS build 26200.7840; Version 2009; 64bit' Language: 'en' Physical Memory: 11995 MB
BatchMode: 1, IsHumanControllingUs: 0, StartBugReporterOnCrash: 0, Is64bit: 1, IsPro: 0

 COMMAND LINE ARGUMENTS:
C:\Program Files\Unity\Hub\Editor\2020.3.12f1\Editor\Unity.exe
-adb2
-batchMode
-noUpm
-name
AssetImportWorker2
-projectPath
C:/Users/THUAN/Documents/GitHub/Knights-Adventure
-logFile
Logs/AssetImportWorker2.log
-srvPort
52666
Successfully changed project path to: C:/Users/THUAN/Documents/GitHub/Knights-Adventure
C:/Users/THUAN/Documents/GitHub/Knights-Adventure
Using Asset Import Pipeline V2.
Refreshing native plugins compatible for Editor in 83.53 ms, found 3 plugins.
Preloading 0 native plugins for Editor in 0.00 ms.
Initialize engine version: 2020.3.12f1 (b3b2c6512326)
[Subsystems] Discovering subsystems at path C:/Program Files/Unity/Hub/Editor/2020.3.12f1/Editor/Data/Resources/UnitySubsystems
[Subsystems] Discovering subsystems at path C:/Users/THUAN/Documents/GitHub/Knights-Adventure/Assets
GfxDevice: creating device client; threaded=0
Direct3D:
    Version:  Direct3D 11.0 [level 11.1]
    Renderer: NVIDIA GeForce RTX 4050 Laptop GPU (ID=0x28e1)
    Vendor:   
    VRAM:     5921 MB
    Driver:   32.0.15.8186
Initialize mono
Mono path[0] = 'C:/Program Files/Unity/Hub/Editor/2020.3.12f1/Editor/Data/Managed'
Mono path[1] = 'C:/Program Files/Unity/Hub/Editor/2020.3.12f1/Editor/Data/MonoBleedingEdge/lib/mono/unityjit'
Mono config path = 'C:/Program Files/Unity/Hub/Editor/2020.3.12f1/Editor/Data/MonoBleedingEdge/etc'
Using monoOptions --debugger-agent=transport=dt_socket,embedding=1,server=y,suspend=n,address=127.0.0.1:56516
Begin MonoManager ReloadAssembly
Registering precompiled unity dll's ...
Register platform support module: C:/Program Files/Unity/Hub/Editor/2020.3.12f1/Editor/Data/PlaybackEngines/WindowsStandaloneSupport/UnityEditor.WindowsStandalone.Extensions.dll
Registered in 0.002680 seconds.
Native extension for WindowsStandalone target not found
Refreshing native plugins compatible for Editor in 83.15 ms, found 3 plugins.
Preloading 0 native plugins for Editor in 0.00 ms.
Mono: successfully reloaded assembly
- Completed reload, in  1.597 seconds
Platform modules already initialized, skipping
Registering precompiled user dll's ...
Registered in 0.005627 seconds.
Begin MonoManager ReloadAssembly
Native extension for WindowsStandalone target not found
Refreshing native plugins compatible for Editor in 80.08 ms, found 3 plugins.
Preloading 0 native plugins for Editor in 0.00 ms.
Mono: successfully reloaded assembly
- Completed reload, in  2.687 seconds
Platform modules already initialized, skipping
========================================================================
Worker process is ready to serve import requests
Launched and connected shader compiler UnityShaderCompiler.exe after 0.08 seconds
Refreshing native plugins compatible for Editor in 0.57 ms, found 3 plugins.
Preloading 0 native plugins for Editor in 0.00 ms.
Unloading 2335 Unused Serialized files (Serialized files now loaded: 0)
System memory in use before: 115.0 MB.
System memory in use after: 115.2 MB.

Unloading 30 unused Assets to reduce memory usage. Loaded Objects now: 2790.
Total: 3.551600 ms (FindLiveObjects: 0.219300 ms CreateObjectMapping: 0.074900 ms MarkObjects: 3.095300 ms  DeleteObjects: 0.159800 ms)

AssetImportParameters requested are different than current active one (requested -> active):
  custom:framework-win-MediaFoundation: 216162199b28c13a410421893ffa2e32 -> 
  custom:video-decoder-ogg-theora: a1e56fd34408186e4bbccfd4996cb3dc -> 
  custom:container-muxer-webm: aa71ff27fc2769a1b78a27578f13a17b -> 
  custom:container-demuxer-webm: 4f35f7cbe854078d1ac9338744f61a02 -> 
  custom:container-demuxer-ogg: 62fdf1f143b41e24485cea50d1cbac27 -> 
  custom:video-encoder-webm-vp8: eb34c28f22e8b96e1ab97ce403110664 -> 
  custom:video-codec-MediaFoundation-h265: 746d11721c4dcdbdad8f713fa42b33f4 -> 
  custom:video-decoder-webm-vp8: 9c59270c3fd7afecdb556c50c9e8de78 -> 
  custom:audio-decoder-ogg-vorbis: bf7c407c2cedff20999df2af8eb42d56 -> 
  custom:audio-encoder-webm-vorbis: bf7c407c2cedff20999df2af8eb42d56 -> 
========================================================================
Received Import Request.
  path: Assets/Resources/Sounds/Jump.wav
  artifactKey: Guid(03a4ce38627d50144b9cd6dba8231d0b) Importer(815301076,1909f56bfc062723c751e8b465ee728b)
Start importing Assets/Resources/Sounds/Jump.wav using Guid(03a4ce38627d50144b9cd6dba8231d0b) Importer(815301076,1909f56bfc062723c751e8b465ee728b)  -> (artifact id: 'd8cdc1224fa91b6a331b403c3a017c12') in 0.387167 seconds 
  Import took 0.395008 seconds .

========================================================================
Received Import Request.
  Time since last request: 0.000679 seconds.
  path: Assets/Resources/Sounds/Opening.wav
  artifactKey: Guid(690ce7070f5c2c94c81a7a5101a6b0e7) Importer(815301076,1909f56bfc062723c751e8b465ee728b)
Start importing Assets/Resources/Sounds/Opening.wav using Guid(690ce7070f5c2c94c81a7a5101a6b0e7) Importer(815301076,1909f56bfc062723c751e8b465ee728b)  -> (artifact id: '860cc1c3bc8115868fc53ebde1fdcf77') in 0.095327 seconds 
  Import took 0.102736 seconds .

========================================================================
Received Import Request.
  Time since last request: 0.001353 seconds.
  path: Assets/Prefabs/Level
  artifactKey: Guid(45abccf9bdb8bac408756dbc79337d38) Importer(815301076,1909f56bfc062723c751e8b465ee728b)
Start importing Assets/Prefabs/Level using Guid(45abccf9bdb8bac408756dbc79337d38) Importer(815301076,1909f56bfc062723c751e8b465ee728b)  -> (artifact id: 'df3459d107a7b25dab1e019ba85fb5ae') in 0.035814 seconds 
  Import took 0.043856 seconds .

========================================================================
Received Import Request.
  Time since last request: 0.000794 seconds.
  path: Assets/Scripts/Language
  artifactKey: Guid(e02fa5189c325cc4aaa375a8d7d01c32) Importer(815301076,1909f56bfc062723c751e8b465ee728b)
Start importing Assets/Scripts/Language using Guid(e02fa5189c325cc4aaa375a8d7d01c32) Importer(815301076,1909f56bfc062723c751e8b465ee728b)  -> (artifact id: 'c025e228a2350eba291a7404e622fa5e') in 0.034059 seconds 
  Import took 0.039947 seconds .

========================================================================
Received Import Request.
  Time since last request: 0.000406 seconds.
  path: Assets/Resources
  artifactKey: Guid(8339431a6ad66a446abff733d832d017) Importer(815301076,1909f56bfc062723c751e8b465ee728b)
Start importing Assets/Resources using Guid(8339431a6ad66a446abff733d832d017) Importer(815301076,1909f56bfc062723c751e8b465ee728b)  -> (artifact id: 'a2718dbe109538d972a59991f552da2d') in 0.029715 seconds 
  Import took 0.040684 seconds .

========================================================================
Received Import Request.
  Time since last request: 0.000595 seconds.
  path: Assets/Resources/Sounds/Level2.wav
  artifactKey: Guid(e9cff82d19b340844bc50e2c3066bd31) Importer(815301076,1909f56bfc062723c751e8b465ee728b)
Start importing Assets/Resources/Sounds/Level2.wav using Guid(e9cff82d19b340844bc50e2c3066bd31) Importer(815301076,1909f56bfc062723c751e8b465ee728b)  -> (artifact id: '6c4ec582013354c79fc794eeb69695dd') in 0.040061 seconds 
  Import took 0.044336 seconds .

========================================================================
Received Import Request.
  Time since last request: 0.000543 seconds.
  path: Assets/Prefabs/Level/Level-2
  artifactKey: Guid(19a3602cfac9c064fba5a6dfd9bcda17) Importer(815301076,1909f56bfc062723c751e8b465ee728b)
Start importing Assets/Prefabs/Level/Level-2 using Guid(19a3602cfac9c064fba5a6dfd9bcda17) Importer(815301076,1909f56bfc062723c751e8b465ee728b)  -> (artifact id: '6368fe394cb59f6c429a24e94a0a367b') in 0.027700 seconds 
  Import took 0.033888 seconds .

========================================================================
Received Import Request.
  Time since last request: 0.001013 seconds.
  path: Assets/Prefabs/Enemy
  artifactKey: Guid(7b9bcaa69dd2e6440a6695080e582050) Importer(815301076,1909f56bfc062723c751e8b465ee728b)
Start importing Assets/Prefabs/Enemy using Guid(7b9bcaa69dd2e6440a6695080e582050) Importer(815301076,1909f56bfc062723c751e8b465ee728b)  -> (artifact id: '8751cc2cf91646352d84f27bff340692') in 0.029028 seconds 
  Import took 0.034049 seconds .

========================================================================
Received Import Request.
  Time since last request: 0.000454 seconds.
  path: Assets/Resources/Sounds/Hurt.wav
  artifactKey: Guid(efea57fa385eb5f46a0be933c23e3f01) Importer(815301076,1909f56bfc062723c751e8b465ee728b)
Start importing Assets/Resources/Sounds/Hurt.wav using Guid(efea57fa385eb5f46a0be933c23e3f01) Importer(815301076,1909f56bfc062723c751e8b465ee728b)  -> (artifact id: '85f1905eac2f533335a29afbe70b2697') in 0.056401 seconds 
  Import took 0.062764 seconds .

========================================================================
Received Import Request.
  Time since last request: 0.000793 seconds.
  path: Assets/Prefabs/Level/Bone (1).prefab
  artifactKey: Guid(969e642224e7c8643a8a74d7d7ce0ea4) Importer(815301076,1909f56bfc062723c751e8b465ee728b)
Start importing Assets/Prefabs/Level/Bone (1).prefab using Guid(969e642224e7c8643a8a74d7d7ce0ea4) Importer(815301076,1909f56bfc062723c751e8b465ee728b)  -> (artifact id: '3e28c313d40aef6b2816f3149b02deb0') in 0.082163 seconds 
  Import took 0.087319 seconds .

========================================================================
Received Import Request.
  Time since last request: 0.000358 seconds.
  path: Assets/Prefabs
  artifactKey: Guid(f66511cd022f0544390219f4cde65b34) Importer(815301076,1909f56bfc062723c751e8b465ee728b)
Start importing Assets/Prefabs using Guid(f66511cd022f0544390219f4cde65b34) Importer(815301076,1909f56bfc062723c751e8b465ee728b)  -> (artifact id: 'f5952724e079f7bc06ea074435540ec1') in 0.031167 seconds 
  Import took 0.035399 seconds .

========================================================================
Received Import Request.
  Time since last request: 0.000392 seconds.
  path: Assets/Resources/Sounds/Soft1.wav
  artifactKey: Guid(18b9b236c56c77a499f95a130e8d4871) Importer(815301076,1909f56bfc062723c751e8b465ee728b)
Start importing Assets/Resources/Sounds/Soft1.wav using Guid(18b9b236c56c77a499f95a130e8d4871) Importer(815301076,1909f56bfc062723c751e8b465ee728b)  -> (artifact id: 'a9b611f178ceedce20b50fa11aba22c8') in 0.063248 seconds 
  Import took 0.068224 seconds .

========================================================================
Received Import Request.
  Time since last request: 0.000768 seconds.
  path: Assets/Resources/Sounds
  artifactKey: Guid(66b33c35b16fbea46a06800eb39fd13a) Importer(815301076,1909f56bfc062723c751e8b465ee728b)
Start importing Assets/Resources/Sounds using Guid(66b33c35b16fbea46a06800eb39fd13a) Importer(815301076,1909f56bfc062723c751e8b465ee728b)  -> (artifact id: '4b24679719641a2b255816a254a9995f') in 0.031577 seconds 
  Import took 0.038522 seconds .

========================================================================
Received Import Request.
  Time since last request: 0.000638 seconds.
  path: Assets/Resources/Sounds/Level3.wav
  artifactKey: Guid(f22c7df422ca6854aa49616e6124bc94) Importer(815301076,1909f56bfc062723c751e8b465ee728b)
Start importing Assets/Resources/Sounds/Level3.wav using Guid(f22c7df422ca6854aa49616e6124bc94) Importer(815301076,1909f56bfc062723c751e8b465ee728b)  -> (artifact id: '8b93c0a20bb32f84c7b04151e578be47') in 0.068426 seconds 
  Import took 0.077280 seconds .

========================================================================
Received Import Request.
  Time since last request: 0.000786 seconds.
  path: Assets/Prefabs/Enemy/DeathParticle.prefab
  artifactKey: Guid(16c31dbff31901b4b9aaa3fa786b5b0b) Importer(815301076,1909f56bfc062723c751e8b465ee728b)
Start importing Assets/Prefabs/Enemy/DeathParticle.prefab using Guid(16c31dbff31901b4b9aaa3fa786b5b0b) Importer(815301076,1909f56bfc062723c751e8b465ee728b)  -> (artifact id: '3c77c27960d4153fc8fbee9b797a88bf') in 0.049354 seconds 
  Import took 0.056833 seconds .

========================================================================
Received Import Request.
  Time since last request: 0.000872 seconds.
  path: Assets/Prefabs/Enemy/GroundCheck.prefab
  artifactKey: Guid(c0639ef944e95b042a5d36ca64d629e2) Importer(815301076,1909f56bfc062723c751e8b465ee728b)
Start importing Assets/Prefabs/Enemy/GroundCheck.prefab using Guid(c0639ef944e95b042a5d36ca64d629e2) Importer(815301076,1909f56bfc062723c751e8b465ee728b)  -> (artifact id: 'a916cd7441fbcb0e20295a54e425b821') in 0.036186 seconds 
  Import took 0.042893 seconds .

========================================================================
Received Import Request.
  Time since last request: 0.000446 seconds.
  path: Assets/Resources/Sounds/Coin.wav
  artifactKey: Guid(f953a8b547f937146a31c50580f58971) Importer(815301076,1909f56bfc062723c751e8b465ee728b)
Start importing Assets/Resources/Sounds/Coin.wav using Guid(f953a8b547f937146a31c50580f58971) Importer(815301076,1909f56bfc062723c751e8b465ee728b)  -> (artifact id: '761fe7e6162afd3fecb5241841e8d8cf') in 0.054652 seconds 
  Import took 0.061589 seconds .

========================================================================
Received Import Request.
  Time since last request: 0.000589 seconds.
  path: Assets/Resources/Sounds/Level1.wav
  artifactKey: Guid(df66f964bb884394888353044e859c8c) Importer(815301076,1909f56bfc062723c751e8b465ee728b)
Start importing Assets/Resources/Sounds/Level1.wav using Guid(df66f964bb884394888353044e859c8c) Importer(815301076,1909f56bfc062723c751e8b465ee728b)  -> (artifact id: 'e6a83c5c81061a7f7581f5929e60a581') in 0.045812 seconds 
  Import took 0.050632 seconds .

========================================================================
Received Import Request.
  Time since last request: 0.000423 seconds.
  path: Assets/Prefabs/Enemy/Level-2/SpikeWorm.prefab
  artifactKey: Guid(dc01083d65598da4c9d5aeb4d5889c4b) Importer(815301076,1909f56bfc062723c751e8b465ee728b)
Start importing Assets/Prefabs/Enemy/Level-2/SpikeWorm.prefab using Guid(dc01083d65598da4c9d5aeb4d5889c4b) Importer(815301076,1909f56bfc062723c751e8b465ee728b)  -> (artifact id: '9c301bcf3a1465ac0e8db66d5f2a4a11') in 0.059804 seconds 
  Import took 0.064605 seconds .

========================================================================
Received Import Request.
  Time since last request: 0.001248 seconds.
  path: Assets/Prefabs/Enemy/Level-2/WormEnemy.prefab
  artifactKey: Guid(c80fa57316add7745b206a58ce7b289d) Importer(815301076,1909f56bfc062723c751e8b465ee728b)
Start importing Assets/Prefabs/Enemy/Level-2/WormEnemy.prefab using Guid(c80fa57316add7745b206a58ce7b289d) Importer(815301076,1909f56bfc062723c751e8b465ee728b)  -> (artifact id: '9af4afd58aedb7bd97ba5ec972d5cf76') in 0.055973 seconds 
  Import took 0.061351 seconds .

========================================================================
Received Import Request.
  Time since last request: 0.000427 seconds.
  path: Assets/Scripts
  artifactKey: Guid(c92fc3b9eb6a8c2438a7e8b60cb11363) Importer(815301076,1909f56bfc062723c751e8b465ee728b)
Start importing Assets/Scripts using Guid(c92fc3b9eb6a8c2438a7e8b60cb11363) Importer(815301076,1909f56bfc062723c751e8b465ee728b)  -> (artifact id: '312d0c7985c768950e7f29a9f541a87e') in 0.029734 seconds 
  Import took 0.035134 seconds .

========================================================================
Received Import Request.
  Time since last request: 0.000401 seconds.
  path: Assets/Prefabs/Enemy/Level-2
  artifactKey: Guid(14e55900c2104ab42bf1ef9d32ee0a4b) Importer(815301076,1909f56bfc062723c751e8b465ee728b)
Start importing Assets/Prefabs/Enemy/Level-2 using Guid(14e55900c2104ab42bf1ef9d32ee0a4b) Importer(815301076,1909f56bfc062723c751e8b465ee728b)  -> (artifact id: 'f337ff5e9487abb392565c80454ccaf2') in 0.005939 seconds 
  Import took 0.012634 seconds .

========================================================================
Received Import Request.
  Time since last request: 0.000454 seconds.
  path: Assets/Resources/Sounds/Health.wav
  artifactKey: Guid(5cf1e47c93b39da4c9fa9e8e773e0af8) Importer(815301076,1909f56bfc062723c751e8b465ee728b)
Start importing Assets/Resources/Sounds/Health.wav using Guid(5cf1e47c93b39da4c9fa9e8e773e0af8) Importer(815301076,1909f56bfc062723c751e8b465ee728b)  -> (artifact id: '579601c0b9aefef28e7cc1cd8e5f8a9a') in 0.041440 seconds 
  Import took 0.045724 seconds .

========================================================================
Received Import Request.
  Time since last request: 0.000479 seconds.
  path: Assets/Prefabs/Enemy/EdgeCheck.prefab
  artifactKey: Guid(73804ad61b3b3614ea0e19ecb98eff05) Importer(815301076,1909f56bfc062723c751e8b465ee728b)
Start importing Assets/Prefabs/Enemy/EdgeCheck.prefab using Guid(73804ad61b3b3614ea0e19ecb98eff05) Importer(815301076,1909f56bfc062723c751e8b465ee728b)  -> (artifact id: '268e5f90c8e08bc97395820059410e05') in 0.028623 seconds 
  Import took 0.033591 seconds .

========================================================================
Received Import Request.
  Time since last request: 0.000365 seconds.
  path: Assets/Scripts/Player
  artifactKey: Guid(7d1c03888e9191a42bfbddf6e609e815) Importer(815301076,1909f56bfc062723c751e8b465ee728b)
Start importing Assets/Scripts/Player using Guid(7d1c03888e9191a42bfbddf6e609e815) Importer(815301076,1909f56bfc062723c751e8b465ee728b)  -> (artifact id: 'fce0537b43534e50e488510475f9aec8') in 0.028388 seconds 
  Import took 0.038284 seconds .

========================================================================
Received Import Request.
  Time since last request: 0.029311 seconds.
  path: Assets/Scripts/Player
  artifactKey: Guid(7d1c03888e9191a42bfbddf6e609e815) Importer(815301076,1909f56bfc062723c751e8b465ee728b)
Start importing Assets/Scripts/Player using Guid(7d1c03888e9191a42bfbddf6e609e815) Importer(815301076,1909f56bfc062723c751e8b465ee728b)  -> (artifact id: 'fce0537b43534e50e488510475f9aec8') in 0.004328 seconds 
  Import took 0.010385 seconds .

========================================================================
Received Import Request.
  Time since last request: 1.933753 seconds.
  path: Assets/Scripts/Managers
  artifactKey: Guid(d765332cd17b4584383f2e344822f182) Importer(815301076,1909f56bfc062723c751e8b465ee728b)
Start importing Assets/Scripts/Managers using Guid(d765332cd17b4584383f2e344822f182) Importer(815301076,1909f56bfc062723c751e8b465ee728b)  -> (artifact id: '8f0cabe2e51e2decc42c612c682e2cd1') in 0.064858 seconds 
  Import took 0.071810 seconds .

========================================================================
Received Import Request.
  Time since last request: 3.312727 seconds.
  path: Assets/Scripts/Managers/GameManager.cs
  artifactKey: Guid(cb5783cfea494034ca02c2d763511d1d) Importer(815301076,1909f56bfc062723c751e8b465ee728b)
Start importing Assets/Scripts/Managers/GameManager.cs using Guid(cb5783cfea494034ca02c2d763511d1d) Importer(815301076,1909f56bfc062723c751e8b465ee728b)  -> (artifact id: '9a90f55d032edc06eff5a3eb5218c98a') in 0.074990 seconds 
  Import took 0.080239 seconds .

========================================================================
Received Import Request.
  Time since last request: 8.082744 seconds.
  path: Assets/Scripts/Managers/OpeningManager.cs
  artifactKey: Guid(e0590139425989944a73d8f88c920c35) Importer(815301076,1909f56bfc062723c751e8b465ee728b)
Start importing Assets/Scripts/Managers/OpeningManager.cs using Guid(e0590139425989944a73d8f88c920c35) Importer(815301076,1909f56bfc062723c751e8b465ee728b)  -> (artifact id: '8d6e8e4dcaa50fdfa3fabac229f4d05d') in 0.067056 seconds 
  Import took 0.073381 seconds .

========================================================================
Received Prepare
Registering precompiled user dll's ...
Registered in 0.005759 seconds.
Begin MonoManager ReloadAssembly
Native extension for WindowsStandalone target not found
Refreshing native plugins compatible for Editor in 0.97 ms, found 3 plugins.
Preloading 0 native plugins for Editor in 0.00 ms.
Mono: successfully reloaded assembly
- Completed reload, in  2.430 seconds
Platform modules already initialized, skipping
Refreshing native plugins compatible for Editor in 0.90 ms, found 3 plugins.
Preloading 0 native plugins for Editor in 0.00 ms.
Unloading 2307 Unused Serialized files (Serialized files now loaded: 0)
System memory in use before: 116.0 MB.
System memory in use after: 116.2 MB.

Unloading 18 unused Assets to reduce memory usage. Loaded Objects now: 2803.
Total: 6.703800 ms (FindLiveObjects: 0.951300 ms CreateObjectMapping: 0.210100 ms MarkObjects: 5.432500 ms  DeleteObjects: 0.106100 ms)

AssetImportParameters requested are different than current active one (requested -> active):
  custom:framework-win-MediaFoundation: 216162199b28c13a410421893ffa2e32 -> 
  custom:video-decoder-ogg-theora: a1e56fd34408186e4bbccfd4996cb3dc -> 
  custom:container-muxer-webm: aa71ff27fc2769a1b78a27578f13a17b -> 
  custom:container-demuxer-webm: 4f35f7cbe854078d1ac9338744f61a02 -> 
  custom:container-demuxer-ogg: 62fdf1f143b41e24485cea50d1cbac27 -> 
  custom:video-encoder-webm-vp8: eb34c28f22e8b96e1ab97ce403110664 -> 
  custom:video-codec-MediaFoundation-h265: 746d11721c4dcdbdad8f713fa42b33f4 -> 
  custom:video-decoder-webm-vp8: 9c59270c3fd7afecdb556c50c9e8de78 -> 
  custom:audio-decoder-ogg-vorbis: bf7c407c2cedff20999df2af8eb42d56 -> 
  custom:audio-encoder-webm-vorbis: bf7c407c2cedff20999df2af8eb42d56 -> 
AssetImportWorkerClient::OnTransportError - code=2 error=End of file
